DEBUG | Tuesday | 04/02/2025 | 11:16:49 | asyncio | Using proactor: IocpProactor | Function: __init__ | Line: 634
INFO | Tuesday | 04/02/2025 | 11:16:52 | root | Interact with the browser if needed. Close it when you're done. | Function: log_info | Line: 30
INFO | Tuesday | 04/02/2025 | 11:16:54 | root | Navigation or context issue: Page.evaluate: Execution context was destroyed, most likely because of a navigation | Function: log_info | Line: 30
INFO | Tuesday | 04/02/2025 | 11:16:56 | root | Navigation or context issue: Page.evaluate: Execution context was destroyed, most likely because of a navigation | Function: log_info | Line: 30
INFO | Tuesday | 04/02/2025 | 11:16:57 | root | Navigation or context issue: Page.evaluate: Execution context was destroyed, most likely because of a navigation | Function: log_info | Line: 30
INFO | Tuesday | 04/02/2025 | 11:17:04 | root | Navigation or context issue: Page.evaluate: Execution context was destroyed, most likely because of a navigation | Function: log_info | Line: 30
INFO | Tuesday | 04/02/2025 | 11:17:07 | root | Navigation or context issue: Page.evaluate: Execution context was destroyed, most likely because of a navigation | Function: log_info | Line: 30
INFO | Tuesday | 04/02/2025 | 11:17:11 | root | Navigation or context issue: Page.wait_for_timeout: Target page, context or browser has been closed | Function: log_info | Line: 30
INFO | Tuesday | 04/02/2025 | 11:17:11 | root | 
Recorded Interactions: | Function: log_info | Line: 30
INFO | Tuesday | 04/02/2025 | 11:17:11 | root | [['Sign in with Microsoft 365', 'ID', 'login_button', 'Clicked on Sign in with Microsoft 365', None], ['i0116', 'ID', 'i0116', 'Clicked on input', None],
['idsibutton9', 'ID', 'idSIButton9', 'Clicked on input', None],



 ['checkbox_1738660629704', 'XPATH', '//*[@id="67a104ad8351a2cda088e6fa-checkbox"]/span[1]/input[1]', 'Checkbox unchecked', 'off'],
['checkbox_1738660630025', 'XPATH', '//*[@id="67a104ab8351a2cda088e6f9-checkbox"]/span[1]/input[1]', 'Checkbox unchecked', 'off'],
['checkbox_1738660630363', 'XPATH', '//*[@id="67a104a68351a2cda088e6eb-checkbox"]/span[1]/input[1]', 'Checkbox unchecked', 'off']] | Function: log_info | Line: 30

INFO | Tuesday | 04/02/2025 | 11:17:11 | root | 
Interactions saved to C:\Users\evgenyp\PycharmProjects\codegen\output\page_base.csv | Function: log_info | Line: 30
INFO | Tuesday | 04/02/2025 | 11:17:11 | root | 
        
import pytest
from qasharedinfra.devices.audc.smarttap.smarttap import SmartTap
import coreinfra.core.environment.environment_variables as env
from coreinfra.services.selenium.mappedselenium import MappedSelenium
from coreinfra.services.selenium.seleniumwebelement import Actions

from qasharedinfra.infra.smarttap.selenium.utils.bini_utils import IRBiniUtils

HEADLESS = False
st: SmartTap = env.devices['Device_1']
log = env.logger


@pytest.fixture(scope='module', autouse=True)
def init_globals() -> None:

    st.logger_.info('
******** Module (Script) Setup ********')
    bini = IRBiniUtils()
    st.test_prerequisites(selenium=True, headless=HEADLESS)
    st.ui.utils.st_selenium_go_to_screen_in_current_window(st.selenium, st.st_screens)  # add screen

    yield bini

    st.logger.info('******** Module (Script) TearDown ********')
    st.selenium.finalize()


@pytest.fixture(scope='function', autouse=True)
def setup_and_teardown() -> None:
    st.logger_.info('******** Test Setup ********')

    yield

    st.logger_.info('******** Test TearDown ********')

@pytest.fixture
def driver() -> MappedSelenium:
    return st.selenium
    
    
        class TestNone:

            def test_None(self, driver) -> None:
                driver.get_mapped_element('Sign in with Microsoft 365').action(Actions.CLICK)
driver.get_mapped_element('i0116').action(Actions.CLICK)
driver.get_mapped_element('idsibutton9').action(Actions.CLICK)
         | Function: log_info | Line: 30
